Configuring optional-args-1.0.0...
Building optional-args-1.0.0...
Preprocessing library optional-args-1.0.0...
[1 of 1] Compiling Data.Optional    ( src/Data/Optional.hs, .stack-work/dist/x86_64-linux/Cabal-1.22.4.0/build/Data/Optional.o )

src/Data/Optional.hs:92:1: Warning:
    The import of ‘Applicative’
    from module ‘Control.Applicative’ is redundant

src/Data/Optional.hs:94:1: Warning:
    The import of ‘Data.Foldable’ is redundant
      except perhaps to import instances from ‘Data.Foldable’
    To import instances alone, use: import Data.Foldable()

src/Data/Optional.hs:95:1: Warning:
    The import of ‘Data.Traversable’ is redundant
      except perhaps to import instances from ‘Data.Traversable’
    To import instances alone, use: import Data.Traversable()

src/Data/Optional.hs:96:1: Warning:
    The import of ‘Data.Monoid’ is redundant
      except perhaps to import instances from ‘Data.Monoid’
    To import instances alone, use: import Data.Monoid()
In-place registering optional-args-1.0.0...
Installing library in
/home/davy/.stack/snapshots/x86_64-linux/lts-3.9/7.10.2/lib/x86_64-linux-ghc-7.10.2/optional-args-1.0.0-8L8oRVwhSQQARa8MEcXr9l
Registering optional-args-1.0.0...
